<?xml version="1.0" encoding="UTF-8"?>
<!-- Generated by org.testng.reporters.JUnitXMLReporter -->
<testsuite ignored="0" hostname="DESKTOP-413ULGP" failures="0" tests="3" name="Default test" time="27.802" errors="0" timestamp="2023-06-08T20:04:58 IST">
  <testcase classname="WebFunction.CreateLineItemsTest" name="LoginBeforeCreateProduct" time="8.618"/>
  <testcase classname="WebFunction.CreateLineItemsTest" name="ToVerifyValidation" time="2.778"/>
  <testcase classname="WebFunction.CreateLineItemsTest" name="ToVerifyLineItemFilter" time="7.147"/>
</testsuite> <!-- Default test -->
