<?xml version="1.0" encoding="UTF-8"?>
<!-- Generated by org.testng.reporters.JUnitXMLReporter -->
<testsuite ignored="2" hostname="DESKTOP-413ULGP" failures="0" tests="3" name="CreateProductTest" time="33.308" errors="0" timestamp="2023-06-08T14:40:46 IST">
  <testcase classname="WebFunction.CreateProductTest" name="LoginBeforeCreateProduct" time="8.566"/>
  <testcase classname="WebFunction.CreateProductTest" name="CreateProduct" time="4.362"/>
  <testcase classname="WebFunction.CreateOrderTest" name="CreateOrder" time="9.383"/>
  <testcase classname="com.admin.BaseTest" name="@AfterSuite closeBrowser" time="0.0">
    <ignored/>
  </testcase> <!-- @AfterSuite closeBrowser -->
  <testcase classname="com.admin.BaseTest" name="@BeforeTest setup" time="0.0">
    <ignored/>
  </testcase> <!-- @BeforeTest setup -->
</testsuite> <!-- CreateProductTest -->
