<?xml version="1.0" encoding="UTF-8"?>
<!-- Generated by org.testng.reporters.JUnitXMLReporter -->
<testsuite ignored="6" hostname="DESKTOP-413ULGP" failures="0" tests="6" name="MotorAdminProduction" time="69.365" errors="0" timestamp="2023-06-08T20:54:29 IST">
  <testcase classname="WebFunction.CreateProductTest" name="LoginBeforeCreateProduct" time="7.79"/>
  <testcase classname="WebFunction.CreateProductTest" name="CreateProduct" time="6.453"/>
  <testcase classname="WebFunction.CreateOrderTest" name="CreateOrder" time="11.733"/>
  <testcase classname="WebFunction.CreateLineItemsTest" name="CreateLineItem" time="12.551"/>
  <testcase classname="WebFunction.CreateLineItemsTest" name="ToVerifyValidation" time="2.21"/>
  <testcase classname="WebFunction.CreateLineItemsTest" name="ToVerifyLineItemFilter" time="18.155"/>
  <testcase classname="com.admin.BaseTest" name="@BeforeSuite assignvalue" time="0.0">
    <ignored/>
  </testcase> <!-- @BeforeSuite assignvalue -->
  <testcase classname="com.admin.BaseTest" name="@BeforeSuite assignvalue" time="0.0">
    <ignored/>
  </testcase> <!-- @BeforeSuite assignvalue -->
  <testcase classname="com.admin.BaseTest" name="@AfterSuite closeBrowser" time="0.0">
    <ignored/>
  </testcase> <!-- @AfterSuite closeBrowser -->
  <testcase classname="com.admin.BaseTest" name="@AfterSuite closeBrowser" time="0.0">
    <ignored/>
  </testcase> <!-- @AfterSuite closeBrowser -->
  <testcase classname="com.admin.BaseTest" name="@BeforeTest setup" time="0.0">
    <ignored/>
  </testcase> <!-- @BeforeTest setup -->
  <testcase classname="com.admin.BaseTest" name="@BeforeTest setup" time="0.0">
    <ignored/>
  </testcase> <!-- @BeforeTest setup -->
</testsuite> <!-- MotorAdminProduction -->
